SF:lib/modules/splash/ui/splash_page.dart
DA:5,1
DA:7,1
DA:8,1
DA:17,1
DA:19,1
DA:20,2
DA:24,2
DA:25,1
DA:29,2
DA:30,1
DA:33,1
DA:34,3
DA:37,1
DA:38,1
DA:39,3
DA:43,1
DA:45,2
DA:46,2
DA:47,2
DA:48,1
DA:51,1
DA:53,1
DA:55,1
DA:56,1
DA:57,1
DA:58,1
DA:60,1
DA:61,1
LF:28
LH:28
end_of_record
SF:lib/modules/motels/domain/models/periodo_model.dart
DA:9,2
DA:18,2
DA:19,1
DA:20,1
DA:21,2
DA:22,2
DA:23,1
DA:24,1
DA:26,3
LF:9
LH:9
end_of_record
SF:lib/modules/motels/domain/models/suite_model.dart
DA:12,2
DA:22,2
DA:23,1
DA:24,1
DA:25,1
DA:26,4
DA:27,5
DA:28,1
DA:29,4
DA:30,1
DA:31,4
DA:39,2
DA:44,1
DA:45,1
DA:46,1
DA:47,1
LF:16
LH:16
end_of_record
SF:lib/modules/motels/ui/widgets/suite_card_widget.dart
DA:7,1
DA:14,1
DA:15,1
DA:20,1
DA:22,1
DA:24,1
DA:25,1
DA:26,1
DA:28,1
DA:29,1
DA:31,1
DA:33,1
DA:34,1
DA:35,1
DA:36,5
DA:38,1
DA:39,3
DA:40,1
DA:49,1
DA:50,1
DA:52,1
DA:55,1
DA:56,1
DA:61,4
DA:62,1
DA:63,4
DA:64,1
DA:65,1
DA:66,1
DA:67,1
DA:73,1
DA:74,1
DA:75,1
DA:76,1
DA:77,1
DA:85,1
DA:86,1
DA:88,1
DA:89,4
DA:90,1
DA:91,4
DA:92,1
DA:94,1
DA:97,1
DA:100,1
DA:101,1
DA:102,1
DA:103,1
DA:105,1
DA:106,4
DA:107,1
LF:51
LH:51
end_of_record
SF:lib/core/errors/errors.dart
DA:6,2
DA:13,0
LF:2
LH:1
end_of_record
SF:lib/modules/motels/domain/models/motels_result_model.dart
DA:12,3
DA:22,1
DA:23,1
DA:24,1
DA:25,1
DA:26,1
DA:27,1
DA:28,1
DA:29,2
DA:30,1
DA:31,4
LF:11
LH:11
end_of_record
SF:lib/modules/motels/domain/models/motel_model.dart
DA:13,3
DA:24,2
DA:25,1
DA:26,1
DA:27,1
DA:28,2
DA:29,1
DA:30,1
DA:31,4
DA:32,1
DA:33,2
LF:11
LH:11
end_of_record
SF:lib/modules/motels/ui/bloc/get_motels_bloc.dart
DA:10,3
DA:11,2
DA:12,2
DA:13,2
DA:14,1
DA:15,1
DA:16,4
DA:18,1
DA:19,2
LF:9
LH:9
end_of_record
SF:lib/modules/motels/ui/bloc/get_motels_event.dart
DA:4,0
DA:5,0
LF:2
LH:0
end_of_record
SF:lib/modules/motels/ui/bloc/motels_state.dart
DA:8,1
DA:9,1
DA:13,1
DA:14,1
DA:19,2
DA:21,1
DA:22,1
DA:27,2
DA:28,1
DA:29,1
LF:10
LH:10
end_of_record
SF:lib/modules/motels/ui/motels_page.dart
DA:13,1
DA:15,1
DA:16,1
DA:22,1
DA:24,3
DA:25,1
DA:28,1
DA:30,1
DA:31,1
DA:36,1
DA:38,1
DA:41,1
DA:42,1
DA:43,1
DA:44,1
DA:47,1
DA:48,1
DA:49,1
DA:50,1
DA:51,3
DA:52,1
DA:53,4
DA:58,1
DA:59,3
DA:60,2
DA:61,1
DA:62,2
DA:68,1
LF:28
LH:28
end_of_record
SF:lib/modules/motels/ui/widgets/motel_card_widget.dart
DA:8,2
DA:10,2
DA:11,2
DA:15,2
DA:17,2
DA:18,2
DA:19,2
DA:20,2
DA:21,2
DA:22,2
DA:23,8
DA:25,2
DA:26,2
DA:28,2
DA:29,2
DA:30,6
DA:31,2
DA:33,2
DA:34,6
DA:35,2
DA:37,2
DA:38,2
DA:39,2
DA:40,2
DA:41,2
DA:42,2
DA:43,2
DA:44,2
DA:45,2
DA:46,2
DA:47,2
DA:52,2
DA:53,10
DA:57,2
DA:58,2
DA:59,10
DA:60,2
DA:67,2
DA:68,8
LF:39
LH:39
end_of_record
SF:lib/modules/motels/ui/widgets/suite_list_widget.dart
DA:8,3
DA:10,3
DA:11,3
DA:15,3
DA:17,3
DA:19,3
DA:22,9
DA:23,0
DA:24,0
DA:25,0
LF:10
LH:7
end_of_record
SF:lib/modules/motels/domain/errors/motels_failure.dart
DA:8,2
DA:13,2
LF:2
LH:2
end_of_record
SF:lib/modules/motels/data/motel_repository_impl.dart
DA:15,1
DA:17,1
DA:20,1
DA:21,2
DA:23,2
DA:24,3
DA:26,2
DA:28,1
DA:30,3
DA:33,1
DA:34,1
DA:35,2
DA:36,1
DA:37,1
DA:38,1
DA:39,1
DA:42,3
LF:17
LH:17
end_of_record
